<?xml version="1.0" encoding="UTF-8"?>
<!-- Generated by org.testng.reporters.JUnitXMLReporter -->
<testsuite hostname="DESKTOP-BEEVCFM" ignored="0" name="Test1" tests="4" failures="0" timestamp="10 Feb 2022 13:20:11 GMT" time="12.709" errors="0">
  <testcase name="Test1" time="5.074" classname="testng.NewTest2"/>
  <testcase name="TestCase1" time="5.163" classname="testng.NewTest"/>
  <testcase name="TestCase2" time="0.473" classname="testng.NewTest"/>
  <testcase name="Tes2" time="0.504" classname="testng.NewTest2"/>
</testsuite> <!-- Test1 -->
